# JRE version: 7.0_09-b30
# Java VM: OpenJDK Server VM (23.2-b09 mixed mode linux-x86 )
Heap
 PSYoungGen      total 17728K, used 17712K [0xa8ba0000, 0xa9f60000, 0xb3240000)
  eden space 15232K, 100% used [0xa8ba0000,0xa9a80000,0xa9a80000)
  from space 2496K, 99% used [0xa9a80000,0xa9cec080,0xa9cf0000)
  to   space 2496K, 99% used [0xa9cf0000,0xa9f5c048,0xa9f60000)
 ParOldGen       total 40512K, used 1689K [0x93e40000, 0x965d0000, 0xa8ba0000)
  object space 40512K, 4% used [0x93e40000,0x93fe67e8,0x965d0000)
 PSPermGen       total 16384K, used 12807K [0x8be40000, 0x8ce40000, 0x93e40000)
  object space 16384K, 78% used [0x8be40000,0x8cac1d80,0x8ce40000)
GC Heap History (3 events):
Event: 1.916 GC heap before
{Heap before GC invocations=1 (full 0):
 PSYoungGen      total 17728K, used 15232K [0xa8ba0000, 0xa9f60000, 0xb3240000)
  eden space 15232K, 100% used [0xa8ba0000,0xa9a80000,0xa9a80000)
  from space 2496K, 0% used [0xa9cf0000,0xa9cf0000,0xa9f60000)
  to   space 2496K, 0% used [0xa9a80000,0xa9a80000,0xa9cf0000)
 ParOldGen       total 40512K, used 0K [0x93e40000, 0x965d0000, 0xa8ba0000)
  object space 40512K, 0% used [0x93e40000,0x93e40000,0x965d0000)
 PSPermGen       total 16384K, used 11542K [0x8be40000, 0x8ce40000, 0x93e40000)
  object space 16384K, 70% used [0x8be40000,0x8c985880,0x8ce40000)
Event: 1.927 GC heap after
Heap after GC invocations=1 (full 0):
 PSYoungGen      total 17728K, used 2480K [0xa8ba0000, 0xa9f60000, 0xb3240000)
  eden space 15232K, 0% used [0xa8ba0000,0xa8ba0000,0xa9a80000)
  from space 2496K, 99% used [0xa9a80000,0xa9cec080,0xa9cf0000)
  to   space 2496K, 0% used [0xa9cf0000,0xa9cf0000,0xa9f60000)
 ParOldGen       total 40512K, used 655K [0x93e40000, 0x965d0000, 0xa8ba0000)
  object space 40512K, 1% used [0x93e40000,0x93ee3c18,0x965d0000)
 PSPermGen       total 16384K, used 11542K [0x8be40000, 0x8ce40000, 0x93e40000)
  object space 16384K, 70% used [0x8be40000,0x8c985880,0x8ce40000)
}
Event: 125.485 GC heap before
{Heap before GC invocations=2 (full 0):
 PSYoungGen      total 17728K, used 17712K [0xa8ba0000, 0xa9f60000, 0xb3240000)
  eden space 15232K, 100% used [0xa8ba0000,0xa9a80000,0xa9a80000)
  from space 2496K, 99% used [0xa9a80000,0xa9cec080,0xa9cf0000)
  to   space 2496K, 0% used [0xa9cf0000,0xa9cf0000,0xa9f60000)
 ParOldGen       total 40512K, used 655K [0x93e40000, 0x965d0000, 0xa8ba0000)
  object space 40512K, 1% used [0x93e40000,0x93ee3c18,0x965d0000)
 PSPermGen       total 16384K, used 12807K [0x8be40000, 0x8ce40000, 0x93e40000)
  object space 16384K, 78% used [0x8be40000,0x8cac1d80,0x8ce40000)

